Demo/plugins/com.outsystems.iconchanger/AndroidDemo/platforms/android/app/build/outputs/logs/manifest-merger-debug-report.txt
-- Merging decision tree log ---
manifest
ADDED from src/main/AndroidManifest.xml:2:1-31:12
INJECTED from src/main/AndroidManifest.xml:2:1-31:12
INJECTED from src/main/AndroidManifest.xml:2:1-31:12
INJECTED from src/main/AndroidManifest.xml:2:1-31:12
MERGED from [:CordovaLib] AndroidManifest.xml:20:1-27:12
INJECTED from src/main/AndroidManifest.xml:2:1-31:12
INJECTED from src/main/AndroidManifest.xml:2:1-31:12
INJECTED from src/main/AndroidManifest.xml:2:1-31:12
	package
		ADDED from src/main/AndroidManifest.xml:2:102-135
		INJECTED from src/main/AndroidManifest.xml
		INJECTED from src/main/AndroidManifest.xml
	android:versionName
		ADDED from src/main/AndroidManifest.xml:2:74-101
		INJECTED from src/main/AndroidManifest.xml
		INJECTED from src/main/AndroidManifest.xml
	android:hardwareAccelerated
		ADDED from src/main/AndroidManifest.xml:2:11-45
	xmlns:android
		ADDED from src/main/AndroidManifest.xml:2:136-194
	android:versionCode
		ADDED from src/main/AndroidManifest.xml:2:46-73
		INJECTED from src/main/AndroidManifest.xml
		INJECTED from src/main/AndroidManifest.xml
supports-screens
ADDED from src/main/AndroidManifest.xml:3:3-188
	android:largeScreens
		ADDED from src/main/AndroidManifest.xml:3:47-74
	android:smallScreens
		ADDED from src/main/AndroidManifest.xml:3:130-157
	android:normalScreens
		ADDED from src/main/AndroidManifest.xml:3:75-103
	android:xlargeScreens
		ADDED from src/main/AndroidManifest.xml:3:158-186
	android:resizeable
		ADDED from src/main/AndroidManifest.xml:3:104-129
	android:anyDensity
		ADDED from src/main/AndroidManifest.xml:3:21-46
uses-permission#android.permission.INTERNET
ADDED from src/main/AndroidManifest.xml:4:3-64
	android:name
		ADDED from src/main/AndroidManifest.xml:4:20-62
application
ADDED from src/main/AndroidManifest.xml:5:3-29:17
	android:supportsRtl
		ADDED from src/main/AndroidManifest.xml:5:112-138
	android:label
		ADDED from src/main/AndroidManifest.xml:5:79-111
	android:hardwareAccelerated
		ADDED from src/main/AndroidManifest.xml:5:16-50
	android:icon
		ADDED from src/main/AndroidManifest.xml:5:51-78
activity#io.cordova.hellocordova.MainActivity
ADDED from src/main/AndroidManifest.xml:6:5-10:16
	android:label
		ADDED from src/main/AndroidManifest.xml:6:93-130
	android:launchMode
		ADDED from src/main/AndroidManifest.xml:6:131-161
	android:windowSoftInputMode
		ADDED from src/main/AndroidManifest.xml:6:253-295
	android:configChanges
		ADDED from src/main/AndroidManifest.xml:6:15-92
	android:theme
		ADDED from src/main/AndroidManifest.xml:6:190-252
	android:name
		ADDED from src/main/AndroidManifest.xml:6:162-189
intent-filter#android.intent.action.MAIN
ADDED from src/main/AndroidManifest.xml:7:7-9:23
	android:label
		ADDED from src/main/AndroidManifest.xml:7:22-59
action#android.intent.action.MAIN
ADDED from src/main/AndroidManifest.xml:8:9-60
	android:name
		ADDED from src/main/AndroidManifest.xml:8:17-58
activity-alias#io.cordova.hellocordova.MainActivity__greenapple
ADDED from src/main/AndroidManifest.xml:11:5-16:22
	android:enabled
		ADDED from src/main/AndroidManifest.xml:11:68-91
	android:label
		ADDED from src/main/AndroidManifest.xml:11:128-160
	android:noHistory
		ADDED from src/main/AndroidManifest.xml:11:202-226
	android:targetActivity
		ADDED from src/main/AndroidManifest.xml:11:227-265
	android:configChanges
		ADDED from src/main/AndroidManifest.xml:11:21-67
	android:icon
		ADDED from src/main/AndroidManifest.xml:11:92-127
	android:name
		ADDED from src/main/AndroidManifest.xml:11:161-201
intent-filter#android.intent.action.MAIN+android.intent.category.LAUNCHER
ADDED from src/main/AndroidManifest.xml:12:7-15:23
category#android.intent.category.LAUNCHER
ADDED from src/main/AndroidManifest.xml:14:9-68
	android:name
		ADDED from src/main/AndroidManifest.xml:14:19-66
activity-alias#io.cordova.hellocordova.MainActivity__blueapple
ADDED from src/main/AndroidManifest.xml:17:5-22:22
	android:enabled
		ADDED from src/main/AndroidManifest.xml:17:68-91
	android:label
		ADDED from src/main/AndroidManifest.xml:17:127-159
	android:noHistory
		ADDED from src/main/AndroidManifest.xml:17:200-224
	android:targetActivity
		ADDED from src/main/AndroidManifest.xml:17:225-263
	android:configChanges
		ADDED from src/main/AndroidManifest.xml:17:21-67
	android:icon
		ADDED from src/main/AndroidManifest.xml:17:92-126
	android:name
		ADDED from src/main/AndroidManifest.xml:17:160-199
activity-alias#io.cordova.hellocordova.MainActivity__redapple
ADDED from src/main/AndroidManifest.xml:23:5-28:22
	android:enabled
		ADDED from src/main/AndroidManifest.xml:23:68-90
	android:label
		ADDED from src/main/AndroidManifest.xml:23:125-157
	android:noHistory
		ADDED from src/main/AndroidManifest.xml:23:197-221
	android:targetActivity
		ADDED from src/main/AndroidManifest.xml:23:222-260
	android:configChanges
		ADDED from src/main/AndroidManifest.xml:23:21-67
	android:icon
		ADDED from src/main/AndroidManifest.xml:23:91-124
	android:name
		ADDED from src/main/AndroidManifest.xml:23:158-196
uses-sdk
ADDED from src/main/AndroidManifest.xml:30:3-71
MERGED from [:CordovaLib] AndroidManifest.xml:25:5-44
MERGED from [:CordovaLib] AndroidManifest.xml:25:5-44
	android:targetSdkVersion
		ADDED from src/main/AndroidManifest.xml:30:40-69
	android:minSdkVersion
		ADDED from src/main/AndroidManifest.xml:30:13-39